<?xml version="1.0" encoding="UTF-8"?>
<!-- Generated by org.testng.reporters.JUnitReportReporter -->
<testsuite hostname="DESKTOP-1FVVE27" failures="0" tests="2" name="FrameworkPractice.Tests.StandAloneTest2" time="17.196" errors="0" timestamp="2024-12-26T21:31:54 CST" skipped="0">
  <testcase classname="FrameworkPractice.Tests.StandAloneTest2" name="StandAloneTest2" time="8.282"/>
  <testcase classname="FrameworkPractice.Tests.StandAloneTest2" name="StandAloneTest2" time="8.914"/>
</testsuite> <!-- FrameworkPractice.Tests.StandAloneTest2 -->
