<?xml version="1.0" encoding="UTF-8"?>
<!-- Generated by org.testng.reporters.JUnitReportReporter -->
<testsuite hostname="DESKTOP-1FVVE27" failures="0" tests="2" name="FrameworkPractice.Tests.ErrorValidation" time="12.644" errors="0" timestamp="2024-12-26T21:14:15 CST" skipped="0">
  <testcase classname="FrameworkPractice.Tests.ErrorValidation" name="loginErrorvalidation" time="5.408"/>
  <testcase classname="FrameworkPractice.Tests.ErrorValidation" name="ProductErrorvalidation" time="7.236"/>
</testsuite> <!-- FrameworkPractice.Tests.ErrorValidation -->
