<?xml version="1.0" encoding="UTF-8"?>
<!-- Generated by org.testng.reporters.JUnitReportReporter -->
<testsuite hostname="DESKTOP-1FVVE27" failures="0" tests="2" name="FrameworkPractice.Tests.ErrorValidation" time="15.720" errors="0" timestamp="2024-12-27T00:45:01 CST" skipped="0">
  <testcase classname="FrameworkPractice.Tests.ErrorValidation" name="loginErrorvalidation" time="5.691"/>
  <testcase classname="FrameworkPractice.Tests.ErrorValidation" name="ProductErrorvalidation" time="10.029"/>
</testsuite> <!-- FrameworkPractice.Tests.ErrorValidation -->
