<?xml version="1.0" encoding="UTF-8"?>
<!-- Generated by org.testng.reporters.JUnitReportReporter -->
<testsuite hostname="DESKTOP-1FVVE27" failures="0" tests="3" name="FrameworkPractice.Tests.StandAloneTest2" time="23.425" errors="0" timestamp="2024-12-27T00:45:01 CST" skipped="0">
  <testcase classname="FrameworkPractice.Tests.StandAloneTest2" name="orderhistory" time="8.347"/>
  <testcase classname="FrameworkPractice.Tests.StandAloneTest2" name="StandAloneTest2" time="6.577"/>
  <testcase classname="FrameworkPractice.Tests.StandAloneTest2" name="StandAloneTest2" time="8.501"/>
</testsuite> <!-- FrameworkPractice.Tests.StandAloneTest2 -->
